Thu, 23 May 2024 23:02:20 +0200 [ERROR] request="7b95e2d9e6cee" component="TYPO3.CMS.Core.Localization.Locales": Locale "en_US.UTF-8" and  "en_US" not found. 
Thu, 23 May 2024 23:02:20 +0200 [ERROR] request="9dd565927753f" component="TYPO3.CMS.Core.Localization.Locales": Locale "en_US.UTF-8" and  "en_US" not found. 
Thu, 23 May 2024 23:04:08 +0200 [ERROR] request="7fee3b869430c" component="TYPO3.CMS.Core.Localization.Locales": Locale "en_US.UTF-8" and  "en_US" not found. 
Thu, 23 May 2024 23:04:09 +0200 [ERROR] request="8ebbde0bc9435" component="TYPO3.CMS.Core.Localization.Locales": Locale "en_US.UTF-8" and  "en_US" not found. 
Thu, 23 May 2024 23:14:06 +0200 [ERROR] request="1b476c5921683" component="TYPO3.CMS.Core.Localization.Locales": Locale "en_US.UTF-8" and  "en_US" not found. 
Thu, 23 May 2024 23:25:53 +0200 [ERROR] request="def776f21e971" component="TYPO3.CMS.Core.Localization.Locales": Locale "en_US.UTF-8" and  "en_US" not found. 
Thu, 23 May 2024 23:25:53 +0200 [ERROR] request="ae7844925a987" component="TYPO3.CMS.Core.Localization.Locales": Locale "en_US.UTF-8" and  "en_US" not found. 
Thu, 23 May 2024 23:25:53 +0200 [WARNING] request="def776f21e971" component="TYPO3.CMS.Core.Error.ErrorHandler": Core: Error handler (FE): PHP Warning: rename(C:/xampp/htdocs/intranet/var/cache/code/typoscript/664fb4618f220213786116.temp,C:/xampp/htdocs/intranet/var/cache/code/typoscript/ext-bootstrap-package-configuration-typoscript-setup.php): Zugriff verweigert (code: 5) in C:\xampp\htdocs\intranet\vendor\typo3\cms-core\Classes\Cache\Backend\SimpleFileBackend.php line 235 
Thu, 23 May 2024 23:30:15 +0200 [ERROR] request="2912c201450bc" component="TYPO3.CMS.Core.Localization.Locales": Locale "en_US.UTF-8" and  "en_US" not found. 
Thu, 23 May 2024 23:31:52 +0200 [ERROR] request="9ba7713087bf2" component="TYPO3.CMS.Core.Localization.Locales": Locale "en_US.UTF-8" and  "en_US" not found. 
Thu, 23 May 2024 23:31:52 +0200 [ERROR] request="88736a8bc8778" component="TYPO3.CMS.Core.Localization.Locales": Locale "en_US.UTF-8" and  "en_US" not found. 
Thu, 23 May 2024 23:38:16 +0200 [ERROR] request="338db53fc593e" component="TYPO3.CMS.Core.Localization.Locales": Locale "en_US.UTF-8" and  "en_US" not found. 
Thu, 23 May 2024 23:38:19 +0200 [ERROR] request="6403a82462d0c" component="TYPO3.CMS.Core.Localization.Locales": Locale "en_US.UTF-8" and  "en_US" not found. 
Thu, 23 May 2024 23:38:35 +0200 [ERROR] request="a8a9ccb499729" component="TYPO3.CMS.Core.Localization.Locales": Locale "en_US.UTF-8" and  "en_US" not found. 
Thu, 23 May 2024 23:38:35 +0200 [ERROR] request="4b96d72a48ff3" component="TYPO3.CMS.Core.Localization.Locales": Locale "en_US.UTF-8" and  "en_US" not found. 
Thu, 23 May 2024 23:45:47 +0200 [WARNING] request="beff2a0550ebb" component="TYPO3.CMS.Core.Type.File.ImageInfo": I could not retrieve the image size for file C:/xampp/htdocs/intranet/var/transient/preview_7683215873506645391.png - {"file":"C:/xampp/htdocs/intranet/var/transient/preview_7683215873506645391.png"}
Thu, 23 May 2024 23:46:50 +0200 [ERROR] request="dac69f10e9ebf" component="TYPO3.CMS.Core.Localization.Locales": Locale "en_US.UTF-8" and  "en_US" not found. 
Thu, 23 May 2024 23:46:56 +0200 [ERROR] request="435fe74a85ebe" component="TYPO3.CMS.Core.Localization.Locales": Locale "en_US.UTF-8" and  "en_US" not found. 
Thu, 23 May 2024 23:47:45 +0200 [ERROR] request="3d9e258005a4f" component="TYPO3.CMS.Core.Localization.Locales": Locale "en_US.UTF-8" and  "en_US" not found. 
Thu, 23 May 2024 23:47:54 +0200 [ERROR] request="147b075e6c8ab" component="TYPO3.CMS.Core.Localization.Locales": Locale "en_US.UTF-8" and  "en_US" not found. 
Thu, 23 May 2024 23:48:20 +0200 [WARNING] request="142326befcd04" component="TYPO3.CMS.Core.Type.File.ImageInfo": I could not retrieve the image size for file C:/xampp/htdocs/intranet/var/transient/preview_8942337920261485414.png - {"file":"C:/xampp/htdocs/intranet/var/transient/preview_8942337920261485414.png"}
Thu, 23 May 2024 23:49:28 +0200 [ERROR] request="d57089715aed4" component="TYPO3.CMS.Core.Localization.Locales": Locale "en_US.UTF-8" and  "en_US" not found. 
Thu, 23 May 2024 23:50:53 +0200 [WARNING] request="80697724d4084" component="TYPO3.CMS.Core.Type.File.ImageInfo": I could not retrieve the image size for file C:/xampp/htdocs/intranet/var/transient/preview_4113780596033215785.png - {"file":"C:/xampp/htdocs/intranet/var/transient/preview_4113780596033215785.png"}
Thu, 23 May 2024 23:53:55 +0200 [ERROR] request="d4e1ded4e1653" component="TYPO3.CMS.Core.Localization.Locales": Locale "en_US.UTF-8" and  "en_US" not found. 
Thu, 23 May 2024 23:55:23 +0200 [ERROR] request="f154560e82ca7" component="TYPO3.CMS.Core.Localization.Locales": Locale "en_US.UTF-8" and  "en_US" not found. 
Fri, 24 May 2024 00:02:05 +0200 [ERROR] request="b1932a1568875" component="TYPO3.CMS.Core.Localization.Locales": Locale "en_US.UTF-8" and  "en_US" not found. 
Fri, 24 May 2024 00:02:43 +0200 [ERROR] request="e97a79f61c6b9" component="TYPO3.CMS.Core.Localization.Locales": Locale "en_US.UTF-8" and  "en_US" not found. 
Fri, 24 May 2024 00:02:59 +0200 [ERROR] request="1bd2523baff3a" component="TYPO3.CMS.Core.Localization.Locales": Locale "en_US.UTF-8" and  "en_US" not found. 
Fri, 24 May 2024 00:03:18 +0200 [ERROR] request="28089f9ad59a5" component="TYPO3.CMS.Core.Localization.Locales": Locale "en_US.UTF-8" and  "en_US" not found. 
Fri, 24 May 2024 00:03:18 +0200 [ERROR] request="9983207e81bf3" component="TYPO3.CMS.Core.Localization.Locales": Locale "en_US.UTF-8" and  "en_US" not found. 
Fri, 24 May 2024 00:05:23 +0200 [ERROR] request="6606bb6c43ed2" component="TYPO3.CMS.Core.Localization.Locales": Locale "en_US.UTF-8" and  "en_US" not found. 
Fri, 24 May 2024 00:06:18 +0200 [ERROR] request="2ed7f456b79c6" component="TYPO3.CMS.Core.Localization.Locales": Locale "en_US.UTF-8" and  "en_US" not found. 
Fri, 24 May 2024 00:06:46 +0200 [ERROR] request="309c812875643" component="TYPO3.CMS.Core.Localization.Locales": Locale "en_US.UTF-8" and  "en_US" not found. 
Fri, 24 May 2024 00:09:58 +0200 [ERROR] request="615f02b989481" component="TYPO3.CMS.Core.Localization.Locales": Locale "en_US.UTF-8" and  "en_US" not found. 
Fri, 24 May 2024 00:13:24 +0200 [ERROR] request="eff5ec8864fc3" component="TYPO3.CMS.Core.Localization.Locales": Locale "en_US.UTF-8" and  "en_US" not found. 
Fri, 24 May 2024 00:26:36 +0200 [CRITICAL] request="b742788b3c90a" component="TYPO3.CMS.Core.Error.ProductionExceptionHandler": Core: Exception handler (WEB: BE): RuntimeException, code #1289917924, file C:\xampp\htdocs\intranet\vendor\typo3\cms-backend\Classes\Middleware\BackendModuleValidator.php, line 232: You don't have access to this page - {"mode":"WEB","application_mode":"BE","exception_class":"RuntimeException","exception_code":1289917924,"file":"C:\\xampp\\htdocs\\intranet\\vendor\\typo3\\cms-backend\\Classes\\Middleware\\BackendModuleValidator.php","line":232,"message":"You don't have access to this page","request_url":"http://localhost/typo3/module/web/layout?token=--AnonymizedToken--&id=1&","exception":null}
Fri, 24 May 2024 00:26:38 +0200 [CRITICAL] request="f3860ee61c0b2" component="TYPO3.CMS.Core.Error.ProductionExceptionHandler": Core: Exception handler (WEB: BE): RuntimeException, code #1289917924, file C:\xampp\htdocs\intranet\vendor\typo3\cms-backend\Classes\Middleware\BackendModuleValidator.php, line 232: You don't have access to this page - {"mode":"WEB","application_mode":"BE","exception_class":"RuntimeException","exception_code":1289917924,"file":"C:\\xampp\\htdocs\\intranet\\vendor\\typo3\\cms-backend\\Classes\\Middleware\\BackendModuleValidator.php","line":232,"message":"You don't have access to this page","request_url":"http://localhost/typo3/module/web/layout?token=--AnonymizedToken--&id=1","exception":null}
Fri, 24 May 2024 00:26:42 +0200 [CRITICAL] request="8042801181246" component="TYPO3.CMS.Core.Error.ProductionExceptionHandler": Core: Exception handler (WEB: BE): RuntimeException, code #1289917924, file C:\xampp\htdocs\intranet\vendor\typo3\cms-backend\Classes\Middleware\BackendModuleValidator.php, line 232: You don't have access to this page - {"mode":"WEB","application_mode":"BE","exception_class":"RuntimeException","exception_code":1289917924,"file":"C:\\xampp\\htdocs\\intranet\\vendor\\typo3\\cms-backend\\Classes\\Middleware\\BackendModuleValidator.php","line":232,"message":"You don't have access to this page","request_url":"http://localhost/typo3/module/web/layout?token=--AnonymizedToken--&id=2","exception":null}
Fri, 24 May 2024 00:28:15 +0200 [CRITICAL] request="8d11fbaace83f" component="TYPO3.CMS.Core.Error.ProductionExceptionHandler": Core: Exception handler (WEB: BE): RuntimeException, code #1289917924, file C:\xampp\htdocs\intranet\vendor\typo3\cms-backend\Classes\Middleware\BackendModuleValidator.php, line 232: You don't have access to this page - {"mode":"WEB","application_mode":"BE","exception_class":"RuntimeException","exception_code":1289917924,"file":"C:\\xampp\\htdocs\\intranet\\vendor\\typo3\\cms-backend\\Classes\\Middleware\\BackendModuleValidator.php","line":232,"message":"You don't have access to this page","request_url":"http://localhost/typo3/module/web/layout?token=--AnonymizedToken--&id=1&","exception":null}
Fri, 24 May 2024 00:28:16 +0200 [CRITICAL] request="3826c423b66b8" component="TYPO3.CMS.Core.Error.ProductionExceptionHandler": Core: Exception handler (WEB: BE): RuntimeException, code #1289917924, file C:\xampp\htdocs\intranet\vendor\typo3\cms-backend\Classes\Middleware\BackendModuleValidator.php, line 232: You don't have access to this page - {"mode":"WEB","application_mode":"BE","exception_class":"RuntimeException","exception_code":1289917924,"file":"C:\\xampp\\htdocs\\intranet\\vendor\\typo3\\cms-backend\\Classes\\Middleware\\BackendModuleValidator.php","line":232,"message":"You don't have access to this page","request_url":"http://localhost/typo3/module/web/layout?token=--AnonymizedToken--&id=1","exception":null}
Fri, 24 May 2024 00:29:50 +0200 [ERROR] request="f740ec77ce2c8" component="TYPO3.CMS.Core.Localization.Locales": Locale "en_US.UTF-8" and  "en_US" not found. 
Fri, 24 May 2024 00:43:26 +0200 [ERROR] request="0a64dd15c9727" component="TYPO3.CMS.Core.Localization.Locales": Locale "en_US.UTF-8" and  "en_US" not found. 
Fri, 24 May 2024 00:43:55 +0200 [ERROR] request="ede757c2ecf48" component="TYPO3.CMS.Core.Localization.Locales": Locale "en_US.UTF-8" and  "en_US" not found. 
Fri, 24 May 2024 00:45:52 +0200 [ERROR] request="d0d55b4e1df12" component="TYPO3.CMS.Core.Localization.Locales": Locale "en_US.UTF-8" and  "en_US" not found. 
Fri, 24 May 2024 00:50:33 +0200 [ERROR] request="998c903accd8e" component="TYPO3.CMS.Core.Localization.Locales": Locale "en_US.UTF-8" and  "en_US" not found. 
Fri, 24 May 2024 00:50:39 +0200 [ERROR] request="2a6ea1664598e" component="TYPO3.CMS.Core.Localization.Locales": Locale "en_US.UTF-8" and  "en_US" not found. 
Fri, 24 May 2024 00:56:00 +0200 [ERROR] request="190b152e167b2" component="TYPO3.CMS.Core.Localization.Locales": Locale "en_US.UTF-8" and  "en_US" not found. 
Fri, 24 May 2024 00:57:14 +0200 [ERROR] request="ab71b4ea8b990" component="TYPO3.CMS.Core.Localization.Locales": Locale "en_US.UTF-8" and  "en_US" not found. 
Fri, 24 May 2024 00:57:14 +0200 [ERROR] request="7419abaae0c32" component="TYPO3.CMS.Core.Localization.Locales": Locale "en_US.UTF-8" and  "en_US" not found. 
Fri, 24 May 2024 00:57:38 +0200 [ERROR] request="aacb12977ff4f" component="TYPO3.CMS.Core.Localization.Locales": Locale "en_US.UTF-8" and  "en_US" not found. 
Fri, 24 May 2024 00:58:13 +0200 [ERROR] request="e2f24fd613143" component="TYPO3.CMS.Core.Localization.Locales": Locale "en_US.UTF-8" and  "en_US" not found. 
Fri, 24 May 2024 00:58:50 +0200 [ERROR] request="b79c21635b736" component="TYPO3.CMS.Core.Localization.Locales": Locale "en_US.UTF-8" and  "en_US" not found. 
Fri, 24 May 2024 00:58:53 +0200 [ERROR] request="74206ed58dec3" component="TYPO3.CMS.Core.Localization.Locales": Locale "en_US.UTF-8" and  "en_US" not found. 
Fri, 24 May 2024 00:58:55 +0200 [ERROR] request="64d6aa42dee9c" component="TYPO3.CMS.Core.Localization.Locales": Locale "en_US.UTF-8" and  "en_US" not found. 
Fri, 24 May 2024 00:59:58 +0200 [ERROR] request="788220a642b86" component="TYPO3.CMS.Core.Localization.Locales": Locale "en_US.UTF-8" and  "en_US" not found. 
Fri, 24 May 2024 01:00:02 +0200 [ERROR] request="8a0879c91b5b5" component="TYPO3.CMS.Core.Localization.Locales": Locale "en_US.UTF-8" and  "en_US" not found. 
Fri, 24 May 2024 01:00:07 +0200 [ERROR] request="a5f2b93063bf0" component="TYPO3.CMS.Core.Localization.Locales": Locale "en_US.UTF-8" and  "en_US" not found. 
Fri, 24 May 2024 01:10:23 +0200 [ERROR] request="b8b7981d5941c" component="TYPO3.CMS.Core.Localization.Locales": Locale "en_US.UTF-8" and  "en_US" not found. 
Fri, 24 May 2024 01:49:00 +0200 [ERROR] request="5378167a57247" component="TYPO3.CMS.Core.Localization.Locales": Locale "en_US.UTF-8" and  "en_US" not found. 
